Wed Aug 16 2023 19:48:20 [university website] error: global error handler: Unexpected token D in JSON at position 95
Wed Aug 16 2023 19:48:47 [university website] error: global error handler: Unexpected token D in JSON at position 95
Wed Aug 16 2023 19:48:49 [university website] error: global error handler: Unexpected token D in JSON at position 95
Wed Aug 16 2023 19:50:52 [university website] error: global error handler: Unexpected token e in JSON at position 96
Wed Aug 16 2023 19:51:8 [university website] error: global error handler: Unexpected token D in JSON at position 96
Wed Aug 16 2023 19:52:36 [university website] error: global error handler: [
  {
    "code": "invalid_type",
    "expected": "date",
    "received": "string",
    "path": [
      "body",
      "publicationDate"
    ],
    "message": "Expected date, received string"
  }
]
Wed Aug 16 2023 19:53:22 [university website] error: global error handler: [
  {
    "code": "invalid_type",
    "expected": "date",
    "received": "string",
    "path": [
      "body",
      "publicationDate"
    ],
    "message": "Expected date, received string"
  }
]
Wed Aug 16 2023 19:53:31 [university website] error: global error handler: [
  {
    "code": "invalid_type",
    "expected": "date",
    "received": "string",
    "path": [
      "body",
      "publicationDate"
    ],
    "message": "Expected date, received string"
  }
]
Wed Aug 16 2023 19:54:34 [university website] error: global error handler: [
  {
    "code": "invalid_type",
    "expected": "date",
    "received": "string",
    "path": [
      "body",
      "publicationDate"
    ],
    "message": "Expected date, received string"
  }
]
Wed Aug 16 2023 19:55:31 [university website] error: global error handler: productService is not defined
